 EXEC of the plot  : ffglut.exe
-- FreeFem++ v  3.160000 (date Fri Oct  7 19:29:19 GMT 2011)
 Load: lg_fem lg_mesh lg_mesh3 eigenvalue
    1 : //mesh Th=readmesh("rectang40x5_N192x24.msh");
    2 : //plot(Th);
    3 : int N=1;
 *** Warning  The identifier N hide a Global identifier
 
    4 : //mesh Th = square(8*N,N);
    5 : mesh Th = square(40*N,N);
    6 : plot(Th);
    7 :
    8 : //Th=movemesh(Th,[40*x-20,5*y-2.5]);
    9 : Th = movemesh(Th,[40*x-20,y-0.5]);
   10 : plot(Th);
   11 :
   12 : savemesh(Th,"rectang40x5_N32x4.msh"); sizestack + 1024 =1176  ( 152 )
 
  -- Square mesh : nb vertices  =82 ,  nb triangles = 80 ,  nb boundary edges 82 
  number of required edges : 0
times: compile 0.068s, execution 0.227s,  mpirank:0
 CodeAlloc : nb ptr  2241,  size :151428 mpirank: 0
Bien: On a fini Normalement
 try getConsole C:\Users\Ivan\Documents\GitHub\WettingDrying\generazioneMesh.edp 
